<?xml version="1.0" encoding="UTF-8"?>
<!-- Generated by org.testng.reporters.JUnitReportReporter -->
<testsuite skipped="0" hostname="DESKTOP-GLN0CH9" name="TestNGDemo.TNGDemo.TestNGBasics" tests="2" failures="0" timestamp="2020-03-17T16:17:26 PDT" time="0.002" errors="0">
  <testcase name="googleTitleTest" time="0.002" classname="TestNGDemo.TNGDemo.TestNGBasics"/>
  <system-out/>
  <testcase name="searchTest" time="0.000" classname="TestNGDemo.TNGDemo.TestNGBasics"/>
  <system-out/>
</testsuite> <!-- TestNGDemo.TNGDemo.TestNGBasics -->
