<?xml version="1.0" encoding="UTF-8"?>
<!-- Generated by org.testng.reporters.JUnitReportReporter -->
<testsuite skipped="0" hostname="DESKTOP-GLN0CH9" name="com.parameters.ParameterTest" tests="1" failures="0" timestamp="2020-03-17T17:10:59 PDT" time="19.299" errors="0">
  <testcase name="whiteboxLoginTest" time="19.299" classname="com.parameters.ParameterTest"/>
  <system-out/>
</testsuite> <!-- com.parameters.ParameterTest -->
