<?xml version="1.0" encoding="UTF-8"?>
<!-- Generated by org.testng.reporters.JUnitReportReporter -->
<testsuite skipped="0" hostname="DESKTOP-GLN0CH9" name="TestNGDemo.TNGDemo.ExceptionTimeOutTest" tests="1" failures="0" timestamp="2020-03-17T16:17:26 PDT" time="0.011" errors="0">
  <testcase name="test1" time="0.011" classname="TestNGDemo.TNGDemo.ExceptionTimeOutTest"/>
  <system-out/>
</testsuite> <!-- TestNGDemo.TNGDemo.ExceptionTimeOutTest -->
