<?xml version="1.0" encoding="UTF-8"?>
<!-- Generated by org.testng.reporters.JUnitReportReporter -->
<testsuite skipped="0" hostname="DESKTOP-GLN0CH9" name="TestNGDemo.TNGDemo.TestNGFeatures" tests="4" failures="0" timestamp="2020-03-17T16:17:26 PDT" time="0.008" errors="0">
  <testcase name="loginTest" time="0.001" classname="TestNGDemo.TNGDemo.TestNGFeatures"/>
  <system-out/>
  <testcase name="homePageTest" time="0.002" classname="TestNGDemo.TNGDemo.TestNGFeatures"/>
  <system-out/>
  <testcase name="regPageTest" time="0.003" classname="TestNGDemo.TNGDemo.TestNGFeatures"/>
  <system-out/>
  <testcase name="searchPageTest" time="0.002" classname="TestNGDemo.TNGDemo.TestNGFeatures"/>
  <system-out/>
</testsuite> <!-- TestNGDemo.TNGDemo.TestNGFeatures -->
