<?xml version="1.0" encoding="UTF-8"?>
<!-- Generated by org.testng.reporters.JUnitReportReporter -->
<testsuite skipped="0" hostname="DESKTOP-GLN0CH9" name="TestNGDemo.TNGDemo.InvocationCountTest" tests="10" failures="0" timestamp="2020-03-17T16:17:26 PDT" time="0.019" errors="0">
  <testcase name="sum" time="0.002" classname="TestNGDemo.TNGDemo.InvocationCountTest"/>
  <system-out/>
  <testcase name="sum" time="0.002" classname="TestNGDemo.TNGDemo.InvocationCountTest"/>
  <system-out/>
  <testcase name="sum" time="0.002" classname="TestNGDemo.TNGDemo.InvocationCountTest"/>
  <system-out/>
  <testcase name="sum" time="0.002" classname="TestNGDemo.TNGDemo.InvocationCountTest"/>
  <system-out/>
  <testcase name="sum" time="0.001" classname="TestNGDemo.TNGDemo.InvocationCountTest"/>
  <system-out/>
  <testcase name="sum" time="0.002" classname="TestNGDemo.TNGDemo.InvocationCountTest"/>
  <system-out/>
  <testcase name="sum" time="0.001" classname="TestNGDemo.TNGDemo.InvocationCountTest"/>
  <system-out/>
  <testcase name="sum" time="0.004" classname="TestNGDemo.TNGDemo.InvocationCountTest"/>
  <system-out/>
  <testcase name="sum" time="0.002" classname="TestNGDemo.TNGDemo.InvocationCountTest"/>
  <system-out/>
  <testcase name="sum" time="0.001" classname="TestNGDemo.TNGDemo.InvocationCountTest"/>
  <system-out/>
</testsuite> <!-- TestNGDemo.TNGDemo.InvocationCountTest -->
