<?xml version="1.0" encoding="UTF-8"?>
<!-- Generated by org.testng.reporters.JUnitReportReporter -->
<testsuite skipped="0" hostname="DESKTOP-GLN0CH9" name="TestNGDemo.TNGDemo.GoogleTest" tests="5" failures="0" timestamp="2020-03-17T16:17:26 PDT" time="71.644" errors="0">
  <testcase name="mailLinkTest" time="13.391" classname="TestNGDemo.TNGDemo.GoogleTest"/>
  <system-out/>
  <testcase name="googleTitleTet" time="13.944" classname="TestNGDemo.TNGDemo.GoogleTest"/>
  <system-out/>
  <testcase name="test1" time="13.329" classname="TestNGDemo.TNGDemo.GoogleTest"/>
  <system-out/>
  <testcase name="test2" time="13.191" classname="TestNGDemo.TNGDemo.GoogleTest"/>
  <system-out/>
  <testcase name="test3" time="17.789" classname="TestNGDemo.TNGDemo.GoogleTest"/>
  <system-out/>
</testsuite> <!-- TestNGDemo.TNGDemo.GoogleTest -->
